Jun 28, 2025 5:40:10 AM minesweeper.java.SoundMan load
INFO: /audio/winnoise.wav was saved under the audio WIN
Jun 28, 2025 5:40:10 AM minesweeper.java.SoundMan load
INFO: /audio/bombclick.wav was saved under the audio LOSE
Jun 28, 2025 5:40:10 AM minesweeper.java.SoundMan load
INFO: /audio/click.wav was saved under the audio CLICK
Jun 28, 2025 5:40:10 AM minesweeper.java.SoundMan load
INFO: /audio/flagclick.wav was saved under the audio FLAG
Jun 28, 2025 5:40:10 AM minesweeper.java.SoundMan load
INFO: /audio/newgameclick.wav was saved under the audio NEW_GAME
Jun 28, 2025 5:45:05 AM minesweeper.java.SoundMan load
INFO: /audio/winnoise.wav was saved under the audio WIN
Jun 28, 2025 5:45:05 AM minesweeper.java.SoundMan load
INFO: /audio/bombclick.wav was saved under the audio LOSE
Jun 28, 2025 5:45:05 AM minesweeper.java.SoundMan load
INFO: /audio/click.wav was saved under the audio CLICK
Jun 28, 2025 5:45:05 AM minesweeper.java.SoundMan load
INFO: /audio/flagclick.wav was saved under the audio FLAG
Jun 28, 2025 5:45:05 AM minesweeper.java.SoundMan load
INFO: /audio/newgameclick.wav was saved under the audio NEW_GAME
Jun 28, 2025 5:46:34 AM minesweeper.java.SoundMan load
INFO: /audio/winnoise.wav was saved under the audio WIN
Jun 28, 2025 5:46:34 AM minesweeper.java.SoundMan load
INFO: /audio/bombclick.wav was saved under the audio LOSE
Jun 28, 2025 5:46:34 AM minesweeper.java.SoundMan load
INFO: /audio/click.wav was saved under the audio CLICK
Jun 28, 2025 5:46:34 AM minesweeper.java.SoundMan load
INFO: /audio/flagclick.wav was saved under the audio FLAG
Jun 28, 2025 5:46:34 AM minesweeper.java.SoundMan load
INFO: /audio/newgameclick.wav was saved under the audio NEW_GAME
Jun 28, 2025 5:47:07 AM minesweeper.java.SoundMan load
INFO: /audio/winnoise.wav was saved under the audio WIN
Jun 28, 2025 5:47:07 AM minesweeper.java.SoundMan load
INFO: /audio/bombclick.wav was saved under the audio LOSE
Jun 28, 2025 5:47:07 AM minesweeper.java.SoundMan load
INFO: /audio/click.wav was saved under the audio CLICK
Jun 28, 2025 5:47:07 AM minesweeper.java.SoundMan load
INFO: /audio/flagclick.wav was saved under the audio FLAG
Jun 28, 2025 5:47:07 AM minesweeper.java.SoundMan load
INFO: /audio/newgameclick.wav was saved under the audio NEW_GAME
